<?xml version="1.0" encoding="UTF-8"?>
<!-- Generated by org.testng.reporters.JUnitReportReporter -->
<testsuite hostname="LAPTOP-T7PI7EN2" failures="0" tests="3" name="testcases.AmazonLogin" time="75.478" errors="0" timestamp="2024-02-22T09:39:16 IST" skipped="0">
  <testcase classname="testcases.AmazonLogin" name="login" time="47.890"/>
  <system-out/>
  <testcase classname="testcases.AmazonLogin" name="login" time="24.281"/>
  <system-out/>
  <testcase classname="testcases.AmazonLogin" name="login" time="3.307"/>
  <system-out/>
</testsuite> <!-- testcases.AmazonLogin -->
