<?xml version="1.0" encoding="UTF-8"?>
<!-- Generated by org.testng.reporters.JUnitReportReporter -->
<testsuite hostname="LAPTOP-T7PI7EN2" failures="0" tests="1" name="testcases.AmazonShop" time="10.171" errors="0" timestamp="2024-02-22T09:39:16 IST" skipped="0">
  <testcase classname="testcases.AmazonShop" name="shop" time="10.171"/>
  <system-out/>
</testsuite> <!-- testcases.AmazonShop -->
